<?xml version="1.0" encoding="UTF-8"?>
<!-- Generated by org.testng.reporters.JUnitReportReporter -->
<testsuite hostname="Avin" name="test1.TestAllProcessi18NSearchResults" tests="2" failures="0" timestamp="20 Jun 2016 09:54:49 GMT" time="25.392" errors="0">
  <testcase name="testAllProcessi18NSearchResults" time="12.678" classname="test1.TestAllProcessi18NSearchResults"/>
  <testcase name="testAllProcessi18NSearchResults" time="12.714" classname="test1.TestAllProcessi18NSearchResults"/>
</testsuite> <!-- test1.TestAllProcessi18NSearchResults -->
